[debug] [2022-05-03T18:25:29.766Z] ----------------------------------------------------------------------
[debug] [2022-05-03T18:25:29.772Z] Command:       C:\Program Files\nodejs\node.exe C:\Users\RASEL MAHMUD\AppData\Roaming\npm\node_modules\firebase-tools\lib\bin\firebase.js init
[debug] [2022-05-03T18:25:29.773Z] CLI Version:   10.7.2
[debug] [2022-05-03T18:25:29.773Z] Platform:      win32
[debug] [2022-05-03T18:25:29.774Z] Node Version:  v16.14.0
[debug] [2022-05-03T18:25:29.776Z] Time:          Wed May 04 2022 02:25:29 GMT+0800 (China Standard Time)
[debug] [2022-05-03T18:25:29.777Z] ----------------------------------------------------------------------
[debug] 
[debug] [2022-05-03T18:25:29.946Z] > command requires scopes: ["email","openid","https://www.googleapis.com/auth/cloudplatformprojects.readonly","https://www.googleapis.com/auth/firebase","https://www.googleapis.com/auth/cloud-platform"]
[debug] [2022-05-03T18:25:29.946Z] > authorizing via signed-in user (raselmahmud454b@gmail.com)
[info] 
     ######## #### ########  ######## ########     ###     ######  ########
     ##        ##  ##     ## ##       ##     ##  ##   ##  ##       ##
     ######    ##  ########  ######   ########  #########  ######  ######
     ##        ##  ##    ##  ##       ##     ## ##     ##       ## ##
     ##       #### ##     ## ######## ########  ##     ##  ######  ########

You're about to initialize a Firebase project in this directory:

  C:\Desktop\Projects\Milestone 11\Assignment_11\client_side

Before we get started, keep in mind:

  * You are currently outside your home directory
  * You are initializing within an existing Firebase project directory

[info] 
=== Project Setup
[info] 
[info] First, let's associate this project directory with a Firebase project.
[info] You can create multiple project aliases by running firebase use --add, 
[info] but for now we'll just set up a default project.
[info] 
[debug] [2022-05-03T18:25:38.729Z] Using project from CLI flag: king-furniture
[debug] [2022-05-03T18:25:38.735Z] >>> [apiv2][query] GET https://firebase.googleapis.com/v1beta1/projects/king-furniture [none]
[debug] [2022-05-03T18:25:40.026Z] <<< [apiv2][status] GET https://firebase.googleapis.com/v1beta1/projects/king-furniture 200
[debug] [2022-05-03T18:25:40.027Z] <<< [apiv2][body] GET https://firebase.googleapis.com/v1beta1/projects/king-furniture {"projectId":"king-furniture","projectNumber":"223772865610","displayName":"King-furniture","name":"projects/king-furniture","resources":{"hostingSite":"king-furniture"},"state":"ACTIVE"}
[info] i  Using project king-furniture (King-furniture) 
[info] 
=== Hosting Setup
[info] 
[info] Your public directory is the folder (relative to your project directory) that
[info] will contain Hosting assets to be uploaded with firebase deploy. If you
[info] have a build process for your assets, use your build's output directory.
[info] 
[debug] [2022-05-03T18:26:01.124Z] >>> [apiv2][query] GET https://www.gstatic.com/firebasejs/releases.json [none]
[debug] [2022-05-03T18:26:01.595Z] <<< [apiv2][status] GET https://www.gstatic.com/firebasejs/releases.json 200
[debug] [2022-05-03T18:26:01.596Z] <<< [apiv2][body] GET https://www.gstatic.com/firebasejs/releases.json {"current":{"version":"9.7.0","browserURL":"https://www.gstatic.com/firebasejs/9.7.0/firebase.js","packageURL":"https://www.gstatic.com/firebasejs/9.7.0/firebase.tgz"},"live":{"version":"9.7","browserURL":"https://www.gstatic.com/firebasejs/live/9.7/firebase.js","packageURL":"https://www.gstatic.com/firebasejs/live/9.7/firebase.tgz"},"components":{"analytics":"https://www.gstatic.com/firebasejs/9.7.0/firebase-analytics.js","app":"https://www.gstatic.com/firebasejs/9.7.0/firebase-app.js","app-check":"https://www.gstatic.com/firebasejs/9.7.0/firebase-app-check.js","auth":"https://www.gstatic.com/firebasejs/9.7.0/firebase-auth.js","auth/cordova":"https://www.gstatic.com/firebasejs/9.7.0/firebase-auth/cordova.js","auth/react-native":"https://www.gstatic.com/firebasejs/9.7.0/firebase-auth/react-native.js","functions":"https://www.gstatic.com/firebasejs/9.7.0/firebase-functions.js","firestore":"https://www.gstatic.com/firebasejs/9.7.0/firebase-firestore.js","firestore/lite":"https://www.gstatic.com/firebasejs/9.7.0/firebase-firestore/lite.js","storage":"https://www.gstatic.com/firebasejs/9.7.0/firebase-storage.js","performance":"https://www.gstatic.com/firebasejs/9.7.0/firebase-performance.js","remote-config":"https://www.gstatic.com/firebasejs/9.7.0/firebase-remote-config.js","messaging":"https://www.gstatic.com/firebasejs/9.7.0/firebase-messaging.js","messaging/sw":"https://www.gstatic.com/firebasejs/9.7.0/firebase-messaging/sw.js","database":"https://www.gstatic.com/firebasejs/9.7.0/firebase-database.js","firestore.memory":"https://www.gstatic.com/firebasejs/9.7.0/firebase-firestore.memory.js"}}
[info] +  Wrote build/index.html 
[info] 
[info] i  Detected a .git folder at C:\Desktop\Projects\Milestone 11\Assignment_11\client_side 
[info] i  Authorizing with GitHub to upload your service account to a GitHub repository's secrets store. 
[info] 
[info] Visit this URL on this device to log in:
[info] https://github.com/login/oauth/authorize?client_id=89cf50f02ac6aaed3484&state=495497245&redirect_uri=http%3A%2F%2Flocalhost%3A9005&scope=read%3Auser%20repo%20public_repo
[info] 
[info] Waiting for authentication...
[debug] [2022-05-03T18:26:23.262Z] >>> HTTP REQUEST POST https://github.com/login/oauth/access_token  
 {"client_id":"89cf50f02ac6aaed3484","client_secret":"3330d14abc895d9a74d5f17cd7a00711fa2c5bf0","code":"97d85c9cba0b55d60844","redirect_uri":"http://localhost:9005","state":"495497245"}
[debug] [2022-05-03T18:26:24.291Z] <<< HTTP RESPONSE 200 {"server":"GitHub.com","date":"Tue, 03 May 2022 18:26:24 GMT","content-type":"application/json; charset=utf-8","transfer-encoding":"chunked","vary":"X-PJAX, X-PJAX-Container, Accept-Encoding, Accept, X-Requested-With","permissions-policy":"interest-cohort=()","etag":"W/\"8d078632176b4d8d830e86a6c3e42690\"","cache-control":"max-age=0, private, must-revalidate","strict-transport-security":"max-age=31536000; includeSubdomains; preload","x-frame-options":"deny","x-content-type-options":"nosniff","x-xss-protection":"0","referrer-policy":"origin-when-cross-origin, strict-origin-when-cross-origin","expect-ct":"max-age=2592000, report-uri=\"https://api.github.com/_private/browser/errors\"","content-security-policy":"default-src 'none'; base-uri 'self'; block-all-mixed-content; child-src github.com/assets-cdn/worker/ gist.github.com/assets-cdn/worker/; connect-src 'self' uploads.github.com objects-origin.githubusercontent.com www.githubstatus.com collector.github.com raw.githubusercontent.com api.github.com github-cloud.s3.amazonaws.com github-production-repository-file-5c1aeb.s3.amazonaws.com github-production-upload-manifest-file-7fdce7.s3.amazonaws.com github-production-user-asset-6210df.s3.amazonaws.com cdn.optimizely.com logx.optimizely.com/v1/events translator.github.com *.actions.githubusercontent.com wss://*.actions.githubusercontent.com online.visualstudio.com/api/v1/locations github-production-repository-image-32fea6.s3.amazonaws.com github-production-release-asset-2e65be.s3.amazonaws.com insights.github.com wss://alive.github.com; font-src github.githubassets.com; form-action 'self' github.com gist.github.com objects-origin.githubusercontent.com; frame-ancestors 'none'; frame-src render.githubusercontent.com viewscreen.githubusercontent.com notebooks.githubusercontent.com; img-src 'self' data: github.githubassets.com identicons.github.com github-cloud.s3.amazonaws.com secured-user-images.githubusercontent.com/ *.githubusercontent.com; manifest-src 'self'; media-src github.com user-images.githubusercontent.com/; script-src github.githubassets.com; style-src 'unsafe-inline' github.githubassets.com; worker-src github.com/assets-cdn/worker/ gist.github.com/assets-cdn/worker/","x-github-request-id":"7CA4:52B1:5399F:6B61B:627173D0"}
[debug] [2022-05-03T18:26:24.325Z] >>> [apiv2][query] GET https://api.github.com/user [none]
[debug] [2022-05-03T18:26:25.618Z] <<< [apiv2][status] GET https://api.github.com/user 200
[debug] [2022-05-03T18:26:25.619Z] <<< [apiv2][body] GET https://api.github.com/user {"login":"raselmahmud22","id":61463085,"node_id":"MDQ6VXNlcjYxNDYzMDg1","avatar_url":"https://avatars.githubusercontent.com/u/61463085?v=4","gravatar_id":"","url":"https://api.github.com/users/raselmahmud22","html_url":"https://github.com/raselmahmud22","followers_url":"https://api.github.com/users/raselmahmud22/followers","following_url":"https://api.github.com/users/raselmahmud22/following{/other_user}","gists_url":"https://api.github.com/users/raselmahmud22/gists{/gist_id}","starred_url":"https://api.github.com/users/raselmahmud22/starred{/owner}{/repo}","subscriptions_url":"https://api.github.com/users/raselmahmud22/subscriptions","organizations_url":"https://api.github.com/users/raselmahmud22/orgs","repos_url":"https://api.github.com/users/raselmahmud22/repos","events_url":"https://api.github.com/users/raselmahmud22/events{/privacy}","received_events_url":"https://api.github.com/users/raselmahmud22/received_events","type":"User","site_admin":false,"name":"RASEL MAHMUD","company":"Rm Enterprise","blog":"www.raselmahmud.xyz","location":null,"email":null,"hireable":null,"bio":"I'm a Professional WordPress Designer and Developer having experience in WP themes to Beautify Your Dreams.\r\nContact now https://www.raselmahmud.xyz","twitter_username":null,"public_repos":23,"public_gists":0,"followers":0,"following":5,"created_at":"2020-02-25T13:30:05Z","updated_at":"2022-04-06T23:10:40Z","private_gists":0,"total_private_repos":1,"owned_private_repos":1,"disk_usage":77546,"collaborators":0,"two_factor_authentication":false,"plan":{"name":"pro","space":976562499,"collaborators":0,"private_repos":9999}}
[info] 
[info] +  Success! Logged into GitHub as raselmahmud22 
[info] 
[debug] [2022-05-03T18:26:51.065Z] >>> [apiv2][query] GET https://api.github.com/repos//actions/secrets/public-key type=owner
[debug] [2022-05-03T18:26:52.006Z] <<< [apiv2][status] GET https://api.github.com/repos//actions/secrets/public-key 404
[debug] [2022-05-03T18:26:52.006Z] <<< [apiv2][body] GET https://api.github.com/repos//actions/secrets/public-key {"message":"Not Found","documentation_url":"https://docs.github.com/rest"}
[debug] [2022-05-03T18:27:05.238Z] >>> [apiv2][query] GET https://api.github.com/repos/King-furniture/actions/secrets/public-key type=owner
[debug] [2022-05-03T18:27:06.525Z] <<< [apiv2][status] GET https://api.github.com/repos/King-furniture/actions/secrets/public-key 404
[debug] [2022-05-03T18:27:06.526Z] <<< [apiv2][body] GET https://api.github.com/repos/King-furniture/actions/secrets/public-key {"message":"Not Found","documentation_url":"https://docs.github.com/rest"}
[debug] [2022-05-03T18:27:17.175Z] >>> [apiv2][query] GET https://api.github.com/repos/King-furniture/actions/secrets/public-key type=owner
[debug] [2022-05-03T18:27:18.068Z] <<< [apiv2][status] GET https://api.github.com/repos/King-furniture/actions/secrets/public-key 404
[debug] [2022-05-03T18:27:18.068Z] <<< [apiv2][body] GET https://api.github.com/repos/King-furniture/actions/secrets/public-key {"message":"Not Found","documentation_url":"https://docs.github.com/rest"}
